<?xml version="1.0" encoding="UTF-8"?>
<!-- Generated by org.testng.reporters.JUnitReportReporter -->
<testsuite hostname="MAVCHN1121379" failures="0" tests="1" name="com.automation.registerDemo.RegisterPageDemo" time="23.808" errors="0" timestamp="2024-06-21T09:36:05 IST" skipped="0">
  <testcase classname="com.automation.registerDemo.RegisterPageDemo" name="RegisterPage" time="23.808"/>
</testsuite> <!-- com.automation.registerDemo.RegisterPageDemo -->
